> run.sh example_vector
Allocating vector size 5
Vector(-1): 92b 0 (10)
Add 20...
Vector(0): 94d 20 (31)
0,1,2,3,4,5,6,7,8,9,10,11,12,13,14,15,16,17,18,19
Trim...
Vector(0): 94d 20 (31)
Add 80...
Vector(0): 9ff 100 (141)
0,1,2,3,4,5,6,7,8,9,10,11,12,13,14,15,16,17,18,19,0,1,2,3,4,5,6,7,8,9,10,11,12,13,14,15,16,17,18,19,20,21,22,23,24,25,26,27,28,29,30,31,32,33,34,35,36,37,38,39,40,41,42,43,44,45,46,47,48,49,50,51,52,53,54,55,56,57,58,59,60,61,62,63,64,65,66,67,68,69,70,71,72,73,74,75,76,77,78,79
Delete 80...
Vector(0): 9ff 20 (141)
0,1,2,3,4,5,6,7,8,9,10,11,12,13,14,15,16,17,18,19
Trim...
Vector(0): 92b 20 (31)
Delete even...
Vector(0): 92b 10 (31)
1,3,5,7,9,11,13,15,17,19
Add even...
Vector(0): 92b 21 (31)
0,1,2,3,4,5,6,7,8,9,10,11,12,13,14,15,16,17,18,19,20
Set/Get...
v[0] = 0
v[10] = 10
v[20] = 20
v[last] = 20
Vector(0): 92b 21 (31)
-1,1,2,3,4,5,6,7,8,9,-2,11,12,13,14,15,16,17,18,19,-3
IndexOf...
indexOf(-1, 0) = 0
indexOf(-2, 0) = 10
indexOf(-3, 0) = 20
indexOf(30, 0) = -1
indexOf(-1, 10) = -1
indexOf(-2, 10) = 10
indexOf(-3, 10) = 20
indexOf(30, 10) = -1
LastIndexOf...
LastIndexOf(-1, -1) = 0
LastIndexOf(-2, -1) = 10
LastIndexOf(-3, -1) = 20
LastIndexOf(30, -1) = -1
LastIndexOf(-1, 10) = 0
LastIndexOf(-2, 10) = 10
LastIndexOf(-3, 10) = -1
LastIndexOf(30, 10) = -1
Clear...
Vector(-1): 94d 0 (10)

