> run.sh example_system
iINT_MIN: -9223372036854775808
iINT_MAX: 9223372036854775807
iFLOAT_MIN: 2.22507e-308
iFLOAT_MAX: 1.79769e+308
iNEGATIVE_INFINITY: -inf
iPOSITIVE_INFINITY: inf
iNAN: nan
iCYCLES: 748
iCLOCK: 1267454


CPU State
  R               hex                  dec  FP                   float   Stack               hex                  dec                  float
 r0: 00000000001356fe              1267454  f0:                    nan   SP+32: 7ff8000000000000  9221120237041090560                    nan
 r1: 0000000000000000                    0  f1:                      0   SP+31: 0000000000000000                    0                      0
 r2: 0000000000000000                    0  f2:                      0   SP+30: 0000000000000000                    0                      0
 r3: 0000000000000000                    0  f3:                      0   SP+29: 0000000000000000                    0                      0
 r4: 0000000000000000                    0  f4:                      0   SP+28: 0000000000000000                    0                      0
 r5: 0000000000000000                    0  f5:                      0   SP+27: 0000000000000000                    0                      0
 r6: 0000000000000000                    0  f6:                      0   SP+26: 0000000000000000                    0                      0
 r7: 0000000000000000                    0  f7:                      0   SP+25: 0000000000000000                    0                      0
 r8: 0000000000000000                    0  f8:                      0   SP+24: 0000000000000000                    0                      0
 r9: 0000000000000000                    0  f9:                      0   SP+23: 0000000000000000                    0                      0
r10: 0000000000000000                    0 f10:                      0   SP+22: 0000000000000000                    0                      0
r11: 0000000000000000                    0 f11:                      0   SP+21: 0000000000000000                    0                      0
r12: 0000000000000000                    0 f12:                      0   SP+20: 0000000000000000                    0                      0
r13: 0000000000000000                    0 f13:                      0   SP+19: 0000000000000000                    0                      0
r14: 0000000000000000                    0 f14:                      0   SP+18: 0000000000000000                    0                      0
r15: 0000000000000000                    0 f15:                      0   SP+17: 0000000000000000                    0                      0
r16: 0000000000000000                    0 f16:                      0   SP+16: 0000000000000000                    0                      0
r17: 0000000000000000                    0 f17:                      0   SP+15: 0000000000000000                    0                      0
r18: 0000000000000000                    0 f18:                      0   SP+14: 0000000000000000                    0                      0
r19: 0000000000000000                    0 f19:                      0   SP+13: 0000000000000000                    0                      0
r20: 0000000000000000                    0 f20:                      0   SP+12: 0000000000000000                    0                      0
r21: 0000000000000000                    0 f21:                      0   SP+11: 0000000000000000                    0                      0
r22: 0000000000000000                    0 f22:                      0   SP+10: 0000000000000000                    0                      0
r23: 0000000000000000                    0 f23:                      0   SP+09: 0000000000000000                    0                      0
r24: 0000000000000000                    0 f24:                      0   SP+08: 0000000000000000                    0                      0
r25: 0000000000000000                    0 f25:                      0   SP+07: 0000000000000000                    0                      0
r26: 0000000000000000                    0 f26:                      0   SP+06: 0000000000000000                    0                      0
r27: 0000000000000000                    0 f27:                      0   SP+05: 0000000000000000                    0                      0
r28: 0000000000000000                    0 f28:                      0   SP+04: 0000000000000000                    0                      0
 sf: fffffffffffffffd                      f29:                      0   SP+03: 0000000000000000                    0                      0
 sp: ffffffffffffffba                      f30:                      0   SP+02: 0000000000000000                    0                      0
 pc: 00000000000002fc                      f31:                      0   SP+01: 0000000000000000                    0                      0
 sr: 0000000000000005 zSoP


CPU State
  R               hex                  dec  FP                   float   Stack               hex                  dec                  float
 r0: 00000000001356fe              1267454  f0:                    nan   SP+08: 00000000000002a2                  674     3.33000245297e-321
 r1: 0000000000000000                    0  f1:                      0   SP+07: ffffffffffffffff                   -1                    nan
 r2: 0000000000000000                    0  f2:                      0 =>SP+06: 0000000000000000                    0                      0
 r3: 0000000000000000                    0  f3:                      0   SP+05: 0000000000000000                    0                      0
 r4: 0000000000000000                    0  f4:                      0   SP+04: 0000000000000000                    0                      0
 r5: 0000000000000000                    0  f5:                      0   SP+03: 0000000000000000                    0                      0
 r6: 0000000000000000                    0  f6:                      0   SP+02: 0000000000000000                    0                      0
 r7: 0000000000000000                    0  f7:                      0   SP+01: 0000000000000000                    0                      0
 r8: 0000000000000000                    0  f8:                      0
 r9: 0000000000000000                    0  f9:                      0
r10: 0000000000000000                    0 f10:                      0
r11: 0000000000000000                    0 f11:                      0
r12: 0000000000000000                    0 f12:                      0
r13: 0000000000000000                    0 f13:                      0
r14: 0000000000000000                    0 f14:                      0
r15: 0000000000000000                    0 f15:                      0
r16: 0000000000000000                    0 f16:                      0
r17: 0000000000000000                    0 f17:                      0
r18: 0000000000000000                    0 f18:                      0
r19: 0000000000000000                    0 f19:                      0
r20: 0000000000000000                    0 f20:                      0
r21: 0000000000000000                    0 f21:                      0
r22: 0000000000000000                    0 f22:                      0
r23: 0000000000000000                    0 f23:                      0
r24: 0000000000000000                    0 f24:                      0
r25: 0000000000000000                    0 f25:                      0
r26: 0000000000000000                    0 f26:                      0
r27: 0000000000000000                    0 f27:                      0
r28: 0000000000000000                    0 f28:                      0
 sf: fffffffffffffffd                      f29:                      0
 sp: fffffffffffffff7                      f30:                      0
 pc: 00000000000002ff                      f31:                      0
 sr: 0000000000000000 zsop
iCYCLES: 1252
iCLOCK: 1630770
0:0
1:1
2:4
3:9
4:16
5:25
6:36
7:49
8:64
9:81
0:0
1:1
2:4
3:9
4:16
5:25
6:36
7:49
8:64
9:81
10:0
11:0
12:0
13:0
14:0
15:0
16:0
17:0
18:0
19:0
0:0
1:1
2:4
3:9
4:16
5:25
6:36
7:49
8:64
9:81
10:0
11:1
12:4
13:9
14:16
15:25
16:36
17:49
18:64
19:81
6 => 10
12 => 18
24 => 31
48 => 52
96 => 141
192 => 230
384 => 607
768 => 984
1536 => 1594
3072 => 4178
6144 => 6762
12288 => 17708
24576 => 28654
49152 => 75022
98304 => 121390
196608 => 196608
