> debug.sh example005

DEBUG: Debugging ON

 pc: 0000000000000003  sr: zsoP   r0: 0000000000000020 (                  32)  

 pc: 0000000000000006  sr: zsoP   r1: 0000000000000041 (                  65)   r2: 000000000000263a (                9786)  

 pc: 000000000000000a  sr: zsoP   r3: fffffffffffffffb (                  -5)   r4: 0000000000000146 (                 326)   r5: 000123456789abcd (     320255973501901)  


CPU State
  R               hex                  dec  FP                   float   Stack               hex                  dec                  float
 r0: 0000000000000020                   32  f0:                      0 =>
 r1: 0000000000000041                   65  f1:                      0
 r2: 000000000000263a                 9786  f2:                      0
 r3: fffffffffffffffb                   -5  f3:                      0
 r4: 0000000000000146                  326  f4:                      0
 r5: 000123456789abcd      320255973501901  f5:                      0
 r6: 0000000000000000                    0  f6:                      0
 r7: 0000000000000000                    0  f7:                      0
 r8: 0000000000000000                    0  f8:                      0
 r9: 0000000000000000                    0  f9:                      0
r10: 0000000000000000                    0 f10:                      0
r11: 0000000000000000                    0 f11:                      0
r12: 0000000000000000                    0 f12:                      0
r13: 0000000000000000                    0 f13:                      0
r14: 0000000000000000                    0 f14:                      0
r15: 0000000000000000                    0 f15:                      0
r16: 0000000000000000                    0 f16:                      0
r17: 0000000000000000                    0 f17:                      0
r18: 0000000000000000                    0 f18:                      0
r19: 0000000000000000                    0 f19:                      0
r20: 0000000000000000                    0 f20:                      0
r21: 0000000000000000                    0 f21:                      0
r22: 0000000000000000                    0 f22:                      0
r23: 0000000000000000                    0 f23:                      0
r24: 0000000000000000                    0 f24:                      0
r25: 0000000000000000                    0 f25:                      0
r26: 0000000000000000                    0 f26:                      0
r27: 0000000000000000                    0 f27:                      0
r28: 0000000000000000                    0 f28:                      0
 sf: ffffffffffffffff                      f29:                      0
 sp: ffffffffffffffff                      f30:                      0
 pc: 000000000000000b                      f31:                      0
 sr: 0000000000000001 zsoP

 pc: 0000000000000010  sr: zsop   f0: c024000000000000 (                   -10)   f1: bff0000000000000 (                    -1)   f2: 400921fb4d12d84a (             3.1415926)   f3: 41cdcd6500000000 (            1000000000)  

 pc: 0000000000000011  sr: zsop   sp: ffffffffffffffff (                  -1)   sf: ffffffffffffffff (                  -1)   pc: 0000000000000011 (                  17)  


CPU State
  R               hex                  dec  FP                   float   Stack               hex                  dec                  float
 r0: 0000000000000020                   32  f0:                    -10 =>
 r1: 0000000000000041                   65  f1:                     -1
 r2: 000000000000263a                 9786  f2:              3.1415926
 r3: fffffffffffffffb                   -5  f3:             1000000000
 r4: 0000000000000146                  326  f4:                      0
 r5: 000123456789abcd      320255973501901  f5:                      0
 r6: 0000000000000000                    0  f6:                      0
 r7: 0000000000000000                    0  f7:                      0
 r8: 0000000000000000                    0  f8:                      0
 r9: 0000000000000000                    0  f9:                      0
r10: 0000000000000000                    0 f10:                      0
r11: 0000000000000000                    0 f11:                      0
r12: 0000000000000000                    0 f12:                      0
r13: 0000000000000000                    0 f13:                      0
r14: 0000000000000000                    0 f14:                      0
r15: 0000000000000000                    0 f15:                      0
r16: 0000000000000000                    0 f16:                      0
r17: 0000000000000000                    0 f17:                      0
r18: 0000000000000000                    0 f18:                      0
r19: 0000000000000000                    0 f19:                      0
r20: 0000000000000000                    0 f20:                      0
r21: 0000000000000000                    0 f21:                      0
r22: 0000000000000000                    0 f22:                      0
r23: 0000000000000000                    0 f23:                      0
r24: 0000000000000000                    0 f24:                      0
r25: 0000000000000000                    0 f25:                      0
r26: 0000000000000000                    0 f26:                      0
r27: 0000000000000000                    0 f27:                      0
r28: 0000000000000000                    0 f28:                      0
 sf: ffffffffffffffff                      f29:                      0
 sp: ffffffffffffffff                      f30:                      0
 pc: 0000000000000013                      f31:                      0
 sr: 0000000000000000 zsop
