> run.sh example_math
pi(): 3.141593
ln_base(): 2.718282
abs(326): 326
abs(-326): 326
fabs(3.140000): 3.140000
fabs(-3.140000): 3.140000
ceil(2.500000): 3.000000
ceil(-2.500000): -2.000000
floor(2.500000): 2.000000
floor(-2.500000): -3.000000
round(2.600000): 3.000000
round(2.400000): 2.000000
round(-2.400000): -2.000000
round(-2.600000): -3.000000
sqrt(2.000000): 1.414214
exp(2.000000): 7.389056
log(2.000000): 0.693147
exp10(2.000000): 100.000000
log10(10.000000): 1.000000
pow(2.500000, 3.100000): 17.124347
ifastpow(2, 15): 32768
fastpow(2.500000, 15): 931322.574615
random(): 0.000008
random(): 0.131538
random(): 0.755605
random(): 0.458650
random(): 0.532767
rand(2, 4): 2
rand(2, 4): 2
rand(2, 4): 4
rand(2, 4): 4
rand(2, 4): 4
min(2, 4): 2
min(4, 2): 2
min(2, -4): -4
min(-4, 2): -4
max(2, 4): 4
max(4, 2): 4
max(2, -4): 2
max(-4, 2): 2
fmin(2.120000, 4.440000): 2.120000
fmin(4.440000, 2.120000): 2.120000
fmin(2.120000, -4.440000): -4.440000
fmin(-4.440000, 2.120000): -4.440000
fmax(2.120000, 4.440000): 4.440000
fmax(4.440000, 2.120000): 4.440000
fmax(2.120000, -4.440000): 2.120000
fmax(-4.440000, 2.120000): 2.120000
IntArray Sum: 15
FPArray Sum: 2e+01
