> run.sh example_system
iINT_MIN: -9223372036854775808
iINT_MAX: 9223372036854775807
iFLOAT_MIN: 4.90000e-324
iFLOAT_MAX: 1.79769e+308
iNEGATIVE_INFINITY: -Infinity
iPOSITIVE_INFINITY: Infinity
iNAN: NaN
iCYCLES: 748
iCLOCK: 8341666


CPU State
  R               hex                   dec  FP                    float   Stack               hex                   dec                   float
 r0: 00000000007f48a2               8341666  f0:                     NaN   SP+32: 7ff8000000000000   9221120237041090560                     NaN
 r1: 0000000000000000                     0  f1:       0.000000000000000   SP+31: 0000000000000000                     0       0.000000000000000
 r2: 0000000000000000                     0  f2:       0.000000000000000   SP+30: 0000000000000000                     0       0.000000000000000
 r3: 0000000000000000                     0  f3:       0.000000000000000   SP+29: 0000000000000000                     0       0.000000000000000
 r4: 0000000000000000                     0  f4:       0.000000000000000   SP+28: 0000000000000000                     0       0.000000000000000
 r5: 0000000000000000                     0  f5:       0.000000000000000   SP+27: 0000000000000000                     0       0.000000000000000
 r6: 0000000000000000                     0  f6:       0.000000000000000   SP+26: 0000000000000000                     0       0.000000000000000
 r7: 0000000000000000                     0  f7:       0.000000000000000   SP+25: 0000000000000000                     0       0.000000000000000
 r8: 0000000000000000                     0  f8:       0.000000000000000   SP+24: 0000000000000000                     0       0.000000000000000
 r9: 0000000000000000                     0  f9:       0.000000000000000   SP+23: 0000000000000000                     0       0.000000000000000
r10: 0000000000000000                     0 f10:       0.000000000000000   SP+22: 0000000000000000                     0       0.000000000000000
r11: 0000000000000000                     0 f11:       0.000000000000000   SP+21: 0000000000000000                     0       0.000000000000000
r12: 0000000000000000                     0 f12:       0.000000000000000   SP+20: 0000000000000000                     0       0.000000000000000
r13: 0000000000000000                     0 f13:       0.000000000000000   SP+19: 0000000000000000                     0       0.000000000000000
r14: 0000000000000000                     0 f14:       0.000000000000000   SP+18: 0000000000000000                     0       0.000000000000000
r15: 0000000000000000                     0 f15:       0.000000000000000   SP+17: 0000000000000000                     0       0.000000000000000
r16: 0000000000000000                     0 f16:       0.000000000000000   SP+16: 0000000000000000                     0       0.000000000000000
r17: 0000000000000000                     0 f17:       0.000000000000000   SP+15: 0000000000000000                     0       0.000000000000000
r18: 0000000000000000                     0 f18:       0.000000000000000   SP+14: 0000000000000000                     0       0.000000000000000
r19: 0000000000000000                     0 f19:       0.000000000000000   SP+13: 0000000000000000                     0       0.000000000000000
r20: 0000000000000000                     0 f20:       0.000000000000000   SP+12: 0000000000000000                     0       0.000000000000000
r21: 0000000000000000                     0 f21:       0.000000000000000   SP+11: 0000000000000000                     0       0.000000000000000
r22: 0000000000000000                     0 f22:       0.000000000000000   SP+10: 0000000000000000                     0       0.000000000000000
r23: 0000000000000000                     0 f23:       0.000000000000000   SP+09: 0000000000000000                     0       0.000000000000000
r24: 0000000000000000                     0 f24:       0.000000000000000   SP+08: 0000000000000000                     0       0.000000000000000
r25: 0000000000000000                     0 f25:       0.000000000000000   SP+07: 0000000000000000                     0       0.000000000000000
r26: 0000000000000000                     0 f26:       0.000000000000000   SP+06: 0000000000000000                     0       0.000000000000000
r27: 0000000000000000                     0 f27:       0.000000000000000   SP+05: 0000000000000000                     0       0.000000000000000
r28: 0000000000000000                     0 f28:       0.000000000000000   SP+04: 0000000000000000                     0       0.000000000000000
 sf: fffffffffffffffd                       f29:       0.000000000000000   SP+03: 0000000000000000                     0       0.000000000000000
 sp: ffffffffffffffba                       f30:       0.000000000000000   SP+02: 0000000000000000                     0       0.000000000000000
 pc: 00000000000002fc                       f31:       0.000000000000000   SP+01: 0000000000000000                     0       0.000000000000000
 SR: 0000000000000005 zSoP


CPU State
  R               hex                   dec  FP                    float   Stack               hex                   dec                   float
 r0: 00000000007f48a2               8341666  f0:                     NaN   SP+08: 0000000000000294                   660  3.260000000000000e-321
 r1: 0000000000000000                     0  f1:       0.000000000000000   SP+07: ffffffffffffffff                    -1                     NaN
 r2: 0000000000000000                     0  f2:       0.000000000000000 =>SP+06: 0000000000000000                     0       0.000000000000000
 r3: 0000000000000000                     0  f3:       0.000000000000000   SP+05: 0000000000000000                     0       0.000000000000000
 r4: 0000000000000000                     0  f4:       0.000000000000000   SP+04: 0000000000000000                     0       0.000000000000000
 r5: 0000000000000000                     0  f5:       0.000000000000000   SP+03: 0000000000000000                     0       0.000000000000000
 r6: 0000000000000000                     0  f6:       0.000000000000000   SP+02: 0000000000000000                     0       0.000000000000000
 r7: 0000000000000000                     0  f7:       0.000000000000000   SP+01: 0000000000000000                     0       0.000000000000000
 r8: 0000000000000000                     0  f8:       0.000000000000000
 r9: 0000000000000000                     0  f9:       0.000000000000000
r10: 0000000000000000                     0 f10:       0.000000000000000
r11: 0000000000000000                     0 f11:       0.000000000000000
r12: 0000000000000000                     0 f12:       0.000000000000000
r13: 0000000000000000                     0 f13:       0.000000000000000
r14: 0000000000000000                     0 f14:       0.000000000000000
r15: 0000000000000000                     0 f15:       0.000000000000000
r16: 0000000000000000                     0 f16:       0.000000000000000
r17: 0000000000000000                     0 f17:       0.000000000000000
r18: 0000000000000000                     0 f18:       0.000000000000000
r19: 0000000000000000                     0 f19:       0.000000000000000
r20: 0000000000000000                     0 f20:       0.000000000000000
r21: 0000000000000000                     0 f21:       0.000000000000000
r22: 0000000000000000                     0 f22:       0.000000000000000
r23: 0000000000000000                     0 f23:       0.000000000000000
r24: 0000000000000000                     0 f24:       0.000000000000000
r25: 0000000000000000                     0 f25:       0.000000000000000
r26: 0000000000000000                     0 f26:       0.000000000000000
r27: 0000000000000000                     0 f27:       0.000000000000000
r28: 0000000000000000                     0 f28:       0.000000000000000
 sf: fffffffffffffffd                       f29:       0.000000000000000
 sp: fffffffffffffff7                       f30:       0.000000000000000
 pc: 00000000000002ff                       f31:       0.000000000000000
 SR: 0000000000000000 zsop
iCYCLES: 1252
iCLOCK: 53183206
0:0
1:1
2:4
3:9
4:16
5:25
6:36
7:49
8:64
9:81
0:0
1:1
2:4
3:9
4:16
5:25
6:36
7:49
8:64
9:81
10:0
11:0
12:0
13:0
14:0
15:0
16:0
17:0
18:0
19:0
0:0
1:1
2:4
3:9
4:16
5:25
6:36
7:49
8:64
9:81
10:0
11:1
12:4
13:9
14:16
15:25
16:36
17:49
18:64
19:81
6 => 10
12 => 18
24 => 31
48 => 52
96 => 141
192 => 230
384 => 607
768 => 984
1536 => 1594
3072 => 4178
6144 => 6762
12288 => 17708
24576 => 28654
49152 => 75022
98304 => 121390
196608 => 196608
